#0 building with "desktop-linux" instance using docker driver

#1 [internal] load build definition from Dockerfile
#1 transferring dockerfile: 2.40kB done
#1 DONE 0.0s

#2 resolve image config for docker-image://docker.io/docker/dockerfile:1
#2 DONE 0.4s

#3 docker-image://docker.io/docker/dockerfile:1@sha256:b6afd42430b15f2d2a4c5a02b919e98a525b785b1aaff16747d2f623364e39b6
#3 resolve docker.io/docker/dockerfile:1@sha256:b6afd42430b15f2d2a4c5a02b919e98a525b785b1aaff16747d2f623364e39b6 0.0s done
#3 CACHED

#4 [internal] load metadata for docker.io/library/python:3.14-slim-bookworm
#4 DONE 0.4s

#5 [internal] load .dockerignore
#5 transferring context: 2B done
#5 DONE 0.0s

#6 [internal] load build context
#6 DONE 0.0s

#7 [builder 3/8] ADD https://astral.sh/uv/0.10.4/install.sh /uv-installer.sh
#7 DONE 0.1s

#6 [internal] load build context
#6 transferring context: 94B done
#6 DONE 0.0s

#8 [builder 1/8] FROM docker.io/library/python:3.14-slim-bookworm@sha256:f0540d0436a220db0a576ccfe75631ab072391e43a24b88972ef9833f699095f
#8 resolve docker.io/library/python:3.14-slim-bookworm@sha256:f0540d0436a220db0a576ccfe75631ab072391e43a24b88972ef9833f699095f 0.1s done
#8 DONE 0.1s

#9 [runtime 3/7] RUN apt-get update && apt-get install -y --no-install-recommends     libgl1-mesa-glx libglib2.0-0 libgoogle-perftools4 && rm -rf /var/lib/apt/lists/*
#9 CACHED

#10 [runtime 4/7] COPY --from=builder /build/.venv /home/docling/.venv
#10 CACHED

#11 [runtime 5/7] COPY --from=builder --chown=docling:docling /root/.cache /home/docling/.cache
#11 CACHED

#12 [runtime 6/7] WORKDIR /home/docling
#12 CACHED

#13 [builder 7/8] RUN --mount=type=cache,target=/root/.cache/uv,id=uv-cache     uv sync --frozen --no-dev
#13 CACHED

#14 [builder 4/8] RUN sh /uv-installer.sh && rm /uv-installer.sh
#14 CACHED

#15 [builder 6/8] COPY pyproject.toml uv.lock ./
#15 CACHED

#16 [builder 8/8] RUN docling-tools models download
#16 CACHED

#17 [builder 2/8] RUN apt-get update && apt-get install -y --no-install-recommends     curl ca-certificates gcc g++ libgl1-mesa-dev     && rm -rf /var/lib/apt/lists/*
#17 CACHED

#18 [runtime 2/7] RUN groupadd -r docling && useradd -r -g docling -d /home/docling -m docling
#18 CACHED

#19 [builder 5/8] WORKDIR /build
#19 CACHED

#20 [builder 3/8] ADD https://astral.sh/uv/0.10.4/install.sh /uv-installer.sh
#20 CACHED

#21 [runtime 7/7] COPY --chown=docling:docling process.py .
#21 CACHED

#22 exporting to image
#22 exporting layers done
#22 exporting manifest sha256:1293aabce0bbf06b89ffbcb441946ec3bc74403438e9fbc06101c4b41eb64bf2 done
#22 exporting config sha256:92034641832cba1f1dffa31c19e8e74f48a36437b3ed8ae4a4c195882c7b12f2 done
#22 exporting attestation manifest sha256:fb298f10bb1f4ba477bc8ca6ca3274d1d8360563914d67cb5bd0defc0b929e98 0.1s done
#22 exporting manifest list sha256:aaa594aef371e76ac9f610119a16e121cef0fcec519343bb9fa02daafb20df25
#22 exporting manifest list sha256:aaa594aef371e76ac9f610119a16e121cef0fcec519343bb9fa02daafb20df25 0.0s done
#22 naming to docker.io/library/docling-cpu:latest done
#22 unpacking to docker.io/library/docling-cpu:latest 0.0s done
#22 DONE 0.2s
