[   0.00s] Process started — auto-detected 16 CPUs
[   0.00s] Input: input.pdf (2163.3 KB)
[   0.00s] Loading docling libraries...
[  12.42s] Libraries loaded
[  12.42s] PyTorch optimized: mkldnn=True, matmul_precision=medium, grad=off
[  12.42s] Layout model: egret-medium
[  12.42s] CPU config: 16 threads, OMP=16, MKL=16
[  12.43s] Threaded pipeline: layout_batch=16, table_batch=4, poll=0.1s
[  12.43s] Pipeline: layout=egret-medium, force_backend_text=True, timeout=120s
[  12.43s] Building converter...
[  12.43s] Converter ready
[  12.43s] Starting document conversion...
detected formats: [<InputFormat.PDF: 'pdf'>]
Going to convert document batch...
Initializing pipeline for ThreadedStandardPdfPipeline with options hash 84fbc434bafd509a1080cf21c44e766d
Loading plugin 'docling_defaults'
Registered picture descriptions: ['picture_description_vlm_engine', 'vlm', 'api']
Loading plugin 'docling_defaults'
Registered ocr engines: ['auto', 'easyocr', 'ocrmac', 'rapidocr', 'tesserocr', 'tesseract']
Loading plugin 'docling_defaults'
Registered layout engines: ['layout_object_detection', 'docling_layout_default', 'docling_experimental_table_crops_layout']
Accelerator device: 'cpu'
Loading plugin 'docling_defaults'
Registered table structure engines: ['docling_tableformer']
Accelerator device: 'cpu'
Processing document input.pdf
Finished converting document input.pdf in 80.66 sec.
[  93.09s] Conversion complete
[  93.09s] Exporting to markdown...
[  93.14s] Export complete (50136 chars)
[  93.14s] Done — total 93.14s
